TN:
SF:contracts/ChainPortal.sol
FN:111,ChainPortal.abortAction
FNDA:7,ChainPortal.abortAction
DA:112,5
FN:116,ChainPortal.setExecutionDelay
FNDA:7,ChainPortal.setExecutionDelay
DA:117,2
FN:121,ChainPortal.setRoutingCcipExtraArgs
FNDA:3,ChainPortal.setRoutingCcipExtraArgs
DA:122,1
FN:126,ChainPortal.setRoutes
FNDA:33,ChainPortal.setRoutes
DA:131,27
FN:135,ChainPortal.setActionsOrigins
FNDA:13,ChainPortal.setActionsOrigins
DA:140,9
FN:144,ChainPortal.teleport
FNDA:521,ChainPortal.teleport
DA:154,5
DA:156,5
DA:157,5
BRDA:155,0,0,-
BRDA:155,0,1,5
DA:159,0
DA:161,5
DA:162,5
BRDA:162,1,0,2
BRDA:162,1,1,3
DA:163,3
DA:169,3
DA:170,3
DA:171,3
DA:178,3
DA:179,3
FN:183,ChainPortal.executePendingAction
FNDA:4,ChainPortal.executePendingAction
DA:184,4
FN:191,ChainPortal.performUpkeep
FNDA:2,ChainPortal.performUpkeep
DA:192,2
FN:204,ChainPortal._ccipReceive
FNDA:532,ChainPortal._ccipReceive
DA:205,532
DA:206,532
BRDA:206,2,0,513
BRDA:206,2,1,19
DA:207,19
BRDA:207,3,0,1
BRDA:207,3,1,18
DA:208,18
DA:209,18
DA:210,18
BRDA:210,4,0,15
BRDA:210,4,1,3
DA:211,15
DA:215,3
FN:228,ChainPortal._handleInboundActionSet
FNDA:15,ChainPortal._handleInboundActionSet
DA:234,15
BRDA:234,5,0,-
BRDA:234,5,1,10
DA:235,12
DA:236,12
DA:237,12
DA:238,12
BRDA:238,6,0,-
BRDA:238,6,1,10
DA:239,10
DA:240,10
DA:241,10
DA:242,10
DA:246,12
DA:248,3
FN:257,ChainPortal._handleBridgeTokens
FNDA:3,ChainPortal._handleBridgeTokens
DA:261,3
DA:262,3
DA:263,3
DA:264,3
DA:265,3
DA:266,3
DA:267,2
DA:268,2
DA:269,2
DA:270,2
DA:271,2
BRDA:271,7,0,1
BRDA:271,7,1,2
DA:272,2
DA:274,2
DA:277,3
FN:286,ChainPortal._forwardDataAndTokens
FNDA:3,ChainPortal._forwardDataAndTokens
DA:291,3
DA:292,3
DA:293,3
BRDA:293,8,0,1
BRDA:293,8,1,2
DA:294,1
DA:296,2
DA:297,2
DA:298,1
DA:299,1
DA:301,1
DA:304,2
DA:311,2
FN:316,ChainPortal._executeActionSet
FNDA:4,ChainPortal._executeActionSet
DA:317,4
DA:318,4
DA:319,4
DA:320,4
DA:321,4
DA:322,4
DA:323,4
DA:324,4
DA:325,4
BRDA:325,9,0,-
BRDA:325,9,1,3
DA:326,3
DA:328,1
DA:330,4
DA:331,4
BRDA:331,10,0,1
BRDA:331,10,1,-
DA:332,1
BRDA:332,11,0,1
BRDA:332,11,1,-
DA:333,1
DA:341,3
DA:344,3
FN:352,ChainPortal._executeNextPendingActionQueued
FNDA:6,ChainPortal._executeNextPendingActionQueued
DA:353,6
DA:354,6
DA:355,8
DA:357,2
DA:359,2
DA:361,6
BRDA:361,12,0,-
BRDA:361,12,1,6
DA:362,0
DA:364,6
BRDA:364,13,0,2
BRDA:364,13,1,4
DA:365,2
DA:367,4
DA:368,4
DA:369,4
FN:373,ChainPortal._setExecutionDelay
FNDA:2,ChainPortal._setExecutionDelay
DA:374,2
DA:375,2
FN:379,ChainPortal._setRoutingCcipExtraArgs
FNDA:1,ChainPortal._setRoutingCcipExtraArgs
DA:380,1
DA:381,1
FN:385,ChainPortal._abortAction
FNDA:5,ChainPortal._abortAction
DA:386,5
DA:387,5
BRDA:387,14,0,1
BRDA:387,14,1,4
DA:388,1
DA:390,4
DA:391,4
BRDA:391,15,0,1
BRDA:391,15,1,3
DA:392,1
DA:394,3
DA:395,3
FN:403,ChainPortal._setRoutes
FNDA:27,ChainPortal._setRoutes
DA:408,27
DA:409,27
BRDA:409,16,0,1
BRDA:409,16,1,26
DA:410,1
DA:412,26
DA:413,26
DA:414,26
DA:415,26
DA:416,26
DA:417,26
BRDA:417,17,0,1
BRDA:417,17,1,25
DA:418,26
BRDA:418,18,0,1
BRDA:418,18,1,25
DA:419,1
DA:422,25
DA:424,25
DA:427,25
FN:436,ChainPortal._setActionsOrigins
FNDA:9,ChainPortal._setActionsOrigins
DA:441,9
DA:442,9
BRDA:442,19,0,1
BRDA:442,19,1,8
DA:443,1
DA:445,8
DA:446,8
DA:448,8
FN:467,ChainPortal._isAuthorizedActionOrigin
FNDA:10,ChainPortal._isAuthorizedActionOrigin
DA:468,10
FN:476,ChainPortal._revertIfNotController
FNDA:593,ChainPortal._revertIfNotController
DA:477,593
BRDA:477,20,0,542
BRDA:477,20,1,51
FN:481,ChainPortal._revertIfUnauthorizedToAbort
FNDA:7,ChainPortal._revertIfUnauthorizedToAbort
DA:482,7
BRDA:482,21,0,2
BRDA:482,21,1,5
FN:490,ChainPortal.getPortalState
FNDA:516,ChainPortal.getPortalState
DA:495,516
DA:496,516
DA:497,516
DA:498,516
DA:499,516
FN:503,ChainPortal.getActionSetById
FNDA:512,ChainPortal.getActionSetById
DA:513,512
DA:514,512
DA:515,512
DA:516,512
DA:517,512
FN:521,ChainPortal.getActionSetInfoById
FNDA:512,ChainPortal.getActionSetInfoById
DA:526,512
DA:527,512
DA:528,512
FN:532,ChainPortal.getRoute
FNDA:1540,ChainPortal.getRoute
DA:533,1540
DA:534,1540
FN:541,ChainPortal.checkUpkeep
FNDA:512,ChainPortal.checkUpkeep
DA:542,512
FNF:27
FNH:27
LF:143
LH:141
BRF:44
BRH:37
end_of_record
TN:
SF:contracts/CrossChainGovernorPortal.sol
FN:56,CrossChainGovernorPortal.setIntervalCommunicationLost
FNDA:3,CrossChainGovernorPortal.setIntervalCommunicationLost
DA:57,1
DA:58,1
FN:62,CrossChainGovernorPortal.setPendingGovernor
FNDA:5,CrossChainGovernorPortal.setPendingGovernor
DA:67,2
FN:71,CrossChainGovernorPortal.transferGovernance
FNDA:3,CrossChainGovernorPortal.transferGovernance
DA:72,1
FN:76,CrossChainGovernorPortal.setGuardians
FNDA:5,CrossChainGovernorPortal.setGuardians
DA:81,3
FN:88,CrossChainGovernorPortal.emergencyCommunicationLost
FNDA:5,CrossChainGovernorPortal.emergencyCommunicationLost
DA:89,2
BRDA:89,0,0,1
BRDA:89,0,1,1
DA:90,1
DA:91,1
DA:92,1
DA:93,1
DA:94,1
FN:100,CrossChainGovernorPortal._isPortalController
FNDA:289,CrossChainGovernorPortal._isPortalController
DA:101,289
FN:106,CrossChainGovernorPortal._isAuthorizedToAbort
FNDA:1,CrossChainGovernorPortal._isAuthorizedToAbort
DA:107,1
FN:111,CrossChainGovernorPortal._isAuthorizedActionOrigin
FNDA:6,CrossChainGovernorPortal._isAuthorizedActionOrigin
DA:112,6
DA:113,1
FN:117,CrossChainGovernorPortal._isCommunicationLost
FNDA:2,CrossChainGovernorPortal._isCommunicationLost
DA:118,2
DA:119,2
DA:120,2
FN:124,CrossChainGovernorPortal.getIntervalCommunicationLost
FNDA:259,CrossChainGovernorPortal.getIntervalCommunicationLost
DA:125,259
FNF:10
FNH:10
LF:19
LH:19
BRF:2
BRH:2
end_of_record
TN:
SF:contracts/GovernorPortal.sol
FN:31,GovernorPortal.setGuardians
FNDA:3,GovernorPortal.setGuardians
DA:36,1
FN:40,GovernorPortal._isPortalController
FNDA:304,GovernorPortal._isPortalController
DA:41,304
FN:45,GovernorPortal._isAuthorizedToAbort
FNDA:6,GovernorPortal._isAuthorizedToAbort
DA:46,6
FNF:3
FNH:3
LF:3
LH:3
BRF:0
BRH:0
end_of_record
