TN:
SF:contracts/ChainPortal.sol
FN:112,ChainPortal.abortAction
FNDA:7,ChainPortal.abortAction
DA:113,5
FN:117,ChainPortal.setExecutionDelay
FNDA:6,ChainPortal.setExecutionDelay
DA:118,2
FN:122,ChainPortal.setRoutingCcipExtraArgs
FNDA:2,ChainPortal.setRoutingCcipExtraArgs
DA:123,1
FN:127,ChainPortal.setRoutes
FNDA:31,ChainPortal.setRoutes
DA:132,27
FN:136,ChainPortal.setActionsOrigins
FNDA:14,ChainPortal.setActionsOrigins
DA:141,9
FN:145,ChainPortal.teleport
FNDA:521,ChainPortal.teleport
DA:155,5
DA:157,5
DA:158,5
BRDA:156,0,0,-
BRDA:156,0,1,5
DA:160,0
DA:162,5
DA:163,5
BRDA:163,1,0,2
BRDA:163,1,1,3
DA:164,3
DA:170,3
DA:171,3
DA:172,3
DA:179,3
DA:180,3
FN:184,ChainPortal.executePendingAction
FNDA:6,ChainPortal.executePendingAction
DA:185,6
FN:192,ChainPortal.performUpkeep
FNDA:3,ChainPortal.performUpkeep
DA:193,3
FN:205,ChainPortal._ccipReceive
FNDA:532,ChainPortal._ccipReceive
DA:206,532
DA:207,532
BRDA:207,2,0,513
BRDA:207,2,1,19
DA:208,19
BRDA:208,3,0,1
BRDA:208,3,1,18
DA:209,18
DA:210,18
DA:211,18
BRDA:211,4,0,15
BRDA:211,4,1,3
DA:212,15
DA:216,3
FN:229,ChainPortal._handleInboundActionSet
FNDA:15,ChainPortal._handleInboundActionSet
DA:235,15
BRDA:235,5,0,-
BRDA:235,5,1,10
DA:236,12
DA:237,12
DA:238,12
DA:239,12
BRDA:239,6,0,-
BRDA:239,6,1,10
DA:240,10
DA:241,10
DA:242,10
DA:243,10
DA:247,12
DA:249,3
FN:258,ChainPortal._handleBridgeTokens
FNDA:3,ChainPortal._handleBridgeTokens
DA:262,3
DA:263,3
DA:264,3
DA:265,3
DA:266,3
DA:267,3
DA:268,2
DA:269,2
DA:270,2
DA:271,2
DA:272,2
BRDA:272,7,0,1
BRDA:272,7,1,2
DA:273,2
DA:275,2
DA:278,3
FN:287,ChainPortal._forwardDataAndTokens
FNDA:3,ChainPortal._forwardDataAndTokens
DA:292,3
DA:293,3
DA:294,3
BRDA:294,8,0,1
BRDA:294,8,1,2
DA:295,1
DA:297,2
DA:298,2
DA:299,1
DA:300,1
DA:302,1
DA:305,2
DA:312,2
FN:317,ChainPortal._executeActionSet
FNDA:4,ChainPortal._executeActionSet
DA:318,4
DA:319,4
DA:320,4
DA:321,4
DA:322,4
DA:323,4
DA:324,4
DA:325,4
DA:326,4
BRDA:326,9,0,-
BRDA:326,9,1,3
DA:327,3
DA:329,1
DA:331,4
DA:332,4
BRDA:332,10,0,1
BRDA:332,10,1,-
DA:333,1
BRDA:333,11,0,1
BRDA:333,11,1,-
DA:334,1
DA:342,3
DA:345,3
FN:353,ChainPortal._executeNextPendingActionQueued
FNDA:9,ChainPortal._executeNextPendingActionQueued
DA:354,9
DA:355,9
DA:356,11
DA:358,2
DA:360,2
DA:362,9
BRDA:362,12,0,3
BRDA:362,12,1,6
DA:363,3
DA:365,6
BRDA:365,13,0,2
BRDA:365,13,1,4
DA:366,2
DA:368,4
DA:369,4
DA:370,4
FN:374,ChainPortal._setExecutionDelay
FNDA:2,ChainPortal._setExecutionDelay
DA:375,2
DA:376,2
FN:380,ChainPortal._setRoutingCcipExtraArgs
FNDA:1,ChainPortal._setRoutingCcipExtraArgs
DA:381,1
DA:382,1
FN:386,ChainPortal._abortAction
FNDA:5,ChainPortal._abortAction
DA:387,5
DA:388,5
BRDA:388,14,0,1
BRDA:388,14,1,4
DA:389,1
DA:391,4
DA:392,4
BRDA:392,15,0,1
BRDA:392,15,1,3
DA:393,1
DA:395,3
DA:396,3
FN:404,ChainPortal._setRoutes
FNDA:27,ChainPortal._setRoutes
DA:409,27
DA:410,27
BRDA:410,16,0,1
BRDA:410,16,1,26
DA:411,1
DA:413,26
DA:414,26
DA:415,26
DA:416,26
DA:417,26
DA:418,26
BRDA:418,17,0,1
BRDA:418,17,1,25
DA:419,26
BRDA:419,18,0,1
BRDA:419,18,1,25
DA:420,1
DA:423,25
DA:425,25
DA:428,25
FN:437,ChainPortal._setActionsOrigins
FNDA:9,ChainPortal._setActionsOrigins
DA:442,9
DA:443,9
BRDA:443,19,0,1
BRDA:443,19,1,8
DA:444,1
DA:446,8
DA:447,8
DA:449,8
DA:452,8
FN:469,ChainPortal._isAuthorizedActionOrigin
FNDA:10,ChainPortal._isAuthorizedActionOrigin
DA:470,10
FN:478,ChainPortal._revertIfNotController
FNDA:589,ChainPortal._revertIfNotController
DA:479,589
BRDA:479,20,0,538
BRDA:479,20,1,51
FN:483,ChainPortal._revertIfUnauthorizedToAbort
FNDA:7,ChainPortal._revertIfUnauthorizedToAbort
DA:484,7
BRDA:484,21,0,2
BRDA:484,21,1,5
FN:492,ChainPortal.getPortalState
FNDA:516,ChainPortal.getPortalState
DA:497,516
DA:498,516
DA:499,516
DA:500,516
DA:501,516
FN:505,ChainPortal.getActionSetById
FNDA:512,ChainPortal.getActionSetById
DA:515,512
DA:516,512
DA:517,512
DA:518,512
DA:519,512
FN:523,ChainPortal.getActionSetInfoById
FNDA:512,ChainPortal.getActionSetInfoById
DA:528,512
DA:529,512
DA:530,512
FN:534,ChainPortal.getRoute
FNDA:1540,ChainPortal.getRoute
DA:535,1540
DA:536,1540
FN:543,ChainPortal.checkUpkeep
FNDA:512,ChainPortal.checkUpkeep
DA:544,512
FNF:27
FNH:27
LF:144
LH:143
BRF:44
BRH:38
end_of_record
TN:
SF:contracts/CrossChainGovernorPortal.sol
FN:56,CrossChainGovernorPortal.setIntervalCommunicationLost
FNDA:3,CrossChainGovernorPortal.setIntervalCommunicationLost
DA:57,1
DA:58,1
FN:62,CrossChainGovernorPortal.setPendingGovernor
FNDA:4,CrossChainGovernorPortal.setPendingGovernor
DA:67,2
FN:71,CrossChainGovernorPortal.transferGovernance
FNDA:3,CrossChainGovernorPortal.transferGovernance
DA:72,1
FN:76,CrossChainGovernorPortal.setGuardians
FNDA:5,CrossChainGovernorPortal.setGuardians
DA:81,3
FN:88,CrossChainGovernorPortal.emergencyCommunicationLost
FNDA:4,CrossChainGovernorPortal.emergencyCommunicationLost
DA:89,2
BRDA:89,0,0,1
BRDA:89,0,1,1
DA:90,1
DA:91,1
DA:92,1
DA:93,1
DA:94,1
FN:100,CrossChainGovernorPortal._isPortalController
FNDA:284,CrossChainGovernorPortal._isPortalController
DA:101,284
FN:106,CrossChainGovernorPortal._isAuthorizedToAbort
FNDA:1,CrossChainGovernorPortal._isAuthorizedToAbort
DA:107,1
FN:111,CrossChainGovernorPortal._isAuthorizedActionOrigin
FNDA:6,CrossChainGovernorPortal._isAuthorizedActionOrigin
DA:112,6
DA:113,1
FN:117,CrossChainGovernorPortal._isCommunicationLost
FNDA:2,CrossChainGovernorPortal._isCommunicationLost
DA:118,2
DA:119,2
DA:120,2
FN:124,CrossChainGovernorPortal.getIntervalCommunicationLost
FNDA:259,CrossChainGovernorPortal.getIntervalCommunicationLost
DA:125,259
FNF:10
FNH:10
LF:19
LH:19
BRF:2
BRH:2
end_of_record
TN:
SF:contracts/GovernorPortal.sol
FN:30,GovernorPortal.setGuardians
FNDA:3,GovernorPortal.setGuardians
DA:35,1
FN:39,GovernorPortal._isPortalController
FNDA:305,GovernorPortal._isPortalController
DA:40,305
FN:44,GovernorPortal._isAuthorizedToAbort
FNDA:6,GovernorPortal._isAuthorizedToAbort
DA:45,6
FNF:3
FNH:3
LF:3
LH:3
BRF:0
BRH:0
end_of_record
